<?xml version="1.0" encoding="UTF-8"?>
<testsuite xmlns:xsi="http://www.w3.org/2001/XMLSchema-instance" xsi:noNamespaceSchemaLocation="https://maven.apache.org/surefire/maven-surefire-plugin/xsd/surefire-test-report-3.0.xsd" version="3.0" name="testscenario.ScenarioJunitActivatorTest" time="0.745" tests="5" errors="0" skipped="0" failures="0">
  <properties>
    <property name="java.specification.version" value="19"/>
    <property name="sun.jnu.encoding" value="UTF-8"/>
    <property name="java.class.path" value="/Users/sebastienmichaud/Downloads/space_traffic-violation(1)/target/test-classes:/Users/sebastienmichaud/Downloads/space_traffic-violation(1)/target/classes:/Users/sebastienmichaud/.m2/repository/org/kie/kie-api/7.52.0.Final/kie-api-7.52.0.Final.jar:/Users/sebastienmichaud/.m2/repository/org/kie/soup/kie-soup-maven-support/7.52.0.Final/kie-soup-maven-support-7.52.0.Final.jar:/Users/sebastienmichaud/.m2/repository/org/slf4j/slf4j-api/1.7.30/slf4j-api-1.7.30.jar:/Users/sebastienmichaud/.m2/repository/org/kie/kie-internal/7.52.0.Final/kie-internal-7.52.0.Final.jar:/Users/sebastienmichaud/.m2/repository/org/optaplanner/optaplanner-core/7.52.0.Final/optaplanner-core-7.52.0.Final.jar:/Users/sebastienmichaud/.m2/repository/org/drools/drools-core/7.52.0.Final/drools-core-7.52.0.Final.jar:/Users/sebastienmichaud/.m2/repository/org/kie/soup/kie-soup-xstream/7.52.0.Final/kie-soup-xstream-7.52.0.Final.jar:/Users/sebastienmichaud/.m2/repository/org/drools/drools-core-dynamic/7.52.0.Final/drools-core-dynamic-7.52.0.Final.jar:/Users/sebastienmichaud/.m2/repository/commons-codec/commons-codec/1.11/commons-codec-1.11.jar:/Users/sebastienmichaud/.m2/repository/org/drools/drools-mvel/7.52.0.Final/drools-mvel-7.52.0.Final.jar:/Users/sebastienmichaud/.m2/repository/org/kie/soup/kie-soup-project-datamodel-commons/7.52.0.Final/kie-soup-project-datamodel-commons-7.52.0.Final.jar:/Users/sebastienmichaud/.m2/repository/org/drools/drools-canonical-model/7.52.0.Final/drools-canonical-model-7.52.0.Final.jar:/Users/sebastienmichaud/.m2/repository/org/drools/drools-model-compiler/7.52.0.Final/drools-model-compiler-7.52.0.Final.jar:/Users/sebastienmichaud/.m2/repository/org/drools/drools-mvel-compiler/7.52.0.Final/drools-mvel-compiler-7.52.0.Final.jar:/Users/sebastienmichaud/.m2/repository/org/apache/commons/commons-lang3/3.9/commons-lang3-3.9.jar:/Users/sebastienmichaud/.m2/repository/org/apache/commons/commons-math3/3.4.1/commons-math3-3.4.1.jar:/Users/sebastienmichaud/.m2/repository/org/reflections/reflections/0.9.11/reflections-0.9.11.jar:/Users/sebastienmichaud/.m2/repository/com/google/guava/guava/20.0/guava-20.0.jar:/Users/sebastienmichaud/.m2/repository/org/javassist/javassist/3.21.0-GA/javassist-3.21.0-GA.jar:/Users/sebastienmichaud/.m2/repository/org/optaplanner/optaplanner-persistence-jaxb/7.52.0.Final/optaplanner-persistence-jaxb-7.52.0.Final.jar:/Users/sebastienmichaud/.m2/repository/org/optaplanner/optaplanner-persistence-common/7.52.0.Final/optaplanner-persistence-common-7.52.0.Final.jar:/Users/sebastienmichaud/.m2/repository/org/jboss/spec/javax/xml/bind/jboss-jaxb-api_2.3_spec/1.0.1.Final/jboss-jaxb-api_2.3_spec-1.0.1.Final.jar:/Users/sebastienmichaud/.m2/repository/junit/junit/4.13.1/junit-4.13.1.jar:/Users/sebastienmichaud/.m2/repository/org/hamcrest/hamcrest-core/1.3/hamcrest-core-1.3.jar:/Users/sebastienmichaud/.m2/repository/com/thoughtworks/xstream/xstream/1.4.16/xstream-1.4.16.jar:/Users/sebastienmichaud/.m2/repository/io/github/x-stream/mxparser/1.2.1/mxparser-1.2.1.jar:/Users/sebastienmichaud/.m2/repository/xmlpull/xmlpull/1.1.3.1/xmlpull-1.1.3.1.jar:/Users/sebastienmichaud/.m2/repository/org/drools/drools-scenario-simulation-api/7.52.0.Final/drools-scenario-simulation-api-7.52.0.Final.jar:/Users/sebastienmichaud/.m2/repository/org/kie/soup/kie-soup-project-datamodel-api/7.52.0.Final/kie-soup-project-datamodel-api-7.52.0.Final.jar:/Users/sebastienmichaud/.m2/repository/org/drools/drools-scenario-simulation-backend/7.52.0.Final/drools-scenario-simulation-backend-7.52.0.Final.jar:/Users/sebastienmichaud/.m2/repository/com/fasterxml/jackson/core/jackson-databind/2.10.5.1/jackson-databind-2.10.5.1.jar:/Users/sebastienmichaud/.m2/repository/com/fasterxml/jackson/core/jackson-annotations/2.10.5/jackson-annotations-2.10.5.jar:/Users/sebastienmichaud/.m2/repository/com/fasterxml/jackson/core/jackson-core/2.10.5/jackson-core-2.10.5.jar:/Users/sebastienmichaud/.m2/repository/org/kie/soup/kie-soup-commons/7.52.0.Final/kie-soup-commons-7.52.0.Final.jar:/Users/sebastienmichaud/.m2/repository/org/mvel/mvel2/2.4.12.Final/mvel2-2.4.12.Final.jar:/Users/sebastienmichaud/.m2/repository/org/drools/drools-compiler/7.52.0.Final/drools-compiler-7.52.0.Final.jar:/Users/sebastienmichaud/.m2/repository/org/drools/drools-core-reflective/7.52.0.Final/drools-core-reflective-7.52.0.Final.jar:/Users/sebastienmichaud/.m2/repository/org/kie/kie-memory-compiler/7.52.0.Final/kie-memory-compiler-7.52.0.Final.jar:/Users/sebastienmichaud/.m2/repository/org/drools/drools-ecj/7.52.0.Final/drools-ecj-7.52.0.Final.jar:/Users/sebastienmichaud/.m2/repository/org/antlr/antlr-runtime/3.5.2/antlr-runtime-3.5.2.jar:/Users/sebastienmichaud/.m2/repository/org/drools/drools-workbench-models-guided-dtable/7.52.0.Final/drools-workbench-models-guided-dtable-7.52.0.Final.jar:/Users/sebastienmichaud/.m2/repository/org/drools/drools-workbench-models-datamodel-api/7.52.0.Final/drools-workbench-models-datamodel-api-7.52.0.Final.jar:/Users/sebastienmichaud/.m2/repository/org/drools/drools-workbench-models-commons/7.52.0.Final/drools-workbench-models-commons-7.52.0.Final.jar:/Users/sebastienmichaud/.m2/repository/org/kie/kie-dmn-feel/7.52.0.Final/kie-dmn-feel-7.52.0.Final.jar:/Users/sebastienmichaud/.m2/repository/org/kie/kie-dmn-model/7.52.0.Final/kie-dmn-model-7.52.0.Final.jar:/Users/sebastienmichaud/.m2/repository/org/antlr/antlr4-runtime/4.8/antlr4-runtime-4.8.jar:/Users/sebastienmichaud/.m2/repository/com/github/javaparser/javaparser-core/3.13.10/javaparser-core-3.13.10.jar:/Users/sebastienmichaud/.m2/repository/org/drools/drools-mvel-parser/7.52.0.Final/drools-mvel-parser-7.52.0.Final.jar:/Users/sebastienmichaud/.m2/repository/ch/obermuhlner/big-math/2.0.1/big-math-2.0.1.jar:/Users/sebastienmichaud/.m2/repository/org/kie/kie-dmn-api/7.52.0.Final/kie-dmn-api-7.52.0.Final.jar:/Users/sebastienmichaud/.m2/repository/org/kie/kie-dmn-core/7.52.0.Final/kie-dmn-core-7.52.0.Final.jar:/Users/sebastienmichaud/.m2/repository/org/kie/kie-dmn-backend/7.52.0.Final/kie-dmn-backend-7.52.0.Final.jar:/Users/sebastienmichaud/.m2/repository/org/drools/drools-ruleunit/7.52.0.Final/drools-ruleunit-7.52.0.Final.jar:/Users/sebastienmichaud/.m2/repository/org/drools/drools-alphanetwork-compiler/7.52.0.Final/drools-alphanetwork-compiler-7.52.0.Final.jar:/Users/sebastienmichaud/.m2/repository/org/jpmml/pmml-model/1.5.1/pmml-model-1.5.1.jar:/Users/sebastienmichaud/.m2/repository/org/jpmml/pmml-agent/1.5.1/pmml-agent-1.5.1.jar:"/>
    <property name="java.vm.vendor" value="Homebrew"/>
    <property name="sun.arch.data.model" value="64"/>
    <property name="java.vendor.url" value="https://github.com/Homebrew/homebrew-core/issues"/>
    <property name="os.name" value="Mac OS X"/>
    <property name="java.vm.specification.version" value="19"/>
    <property name="sun.java.launcher" value="SUN_STANDARD"/>
    <property name="user.country" value="GB"/>
    <property name="sun.boot.library.path" value="/opt/homebrew/Cellar/openjdk/19/libexec/openjdk.jdk/Contents/Home/lib"/>
    <property name="sun.java.command" value="/Users/sebastienmichaud/Downloads/space_traffic-violation(1)/target/surefire/surefirebooter-20230120140918417_3.jar /Users/sebastienmichaud/Downloads/space_traffic-violation(1)/target/surefire 2023-01-20T14-09-18_335-jvmRun1 surefire-20230120140918417_1tmp surefire_0-20230120140918417_2tmp"/>
    <property name="http.nonProxyHosts" value="local|*.local|169.254/16|*.169.254/16"/>
    <property name="jdk.debug" value="release"/>
    <property name="surefire.test.class.path" value="/Users/sebastienmichaud/Downloads/space_traffic-violation(1)/target/test-classes:/Users/sebastienmichaud/Downloads/space_traffic-violation(1)/target/classes:/Users/sebastienmichaud/.m2/repository/org/kie/kie-api/7.52.0.Final/kie-api-7.52.0.Final.jar:/Users/sebastienmichaud/.m2/repository/org/kie/soup/kie-soup-maven-support/7.52.0.Final/kie-soup-maven-support-7.52.0.Final.jar:/Users/sebastienmichaud/.m2/repository/org/slf4j/slf4j-api/1.7.30/slf4j-api-1.7.30.jar:/Users/sebastienmichaud/.m2/repository/org/kie/kie-internal/7.52.0.Final/kie-internal-7.52.0.Final.jar:/Users/sebastienmichaud/.m2/repository/org/optaplanner/optaplanner-core/7.52.0.Final/optaplanner-core-7.52.0.Final.jar:/Users/sebastienmichaud/.m2/repository/org/drools/drools-core/7.52.0.Final/drools-core-7.52.0.Final.jar:/Users/sebastienmichaud/.m2/repository/org/kie/soup/kie-soup-xstream/7.52.0.Final/kie-soup-xstream-7.52.0.Final.jar:/Users/sebastienmichaud/.m2/repository/org/drools/drools-core-dynamic/7.52.0.Final/drools-core-dynamic-7.52.0.Final.jar:/Users/sebastienmichaud/.m2/repository/commons-codec/commons-codec/1.11/commons-codec-1.11.jar:/Users/sebastienmichaud/.m2/repository/org/drools/drools-mvel/7.52.0.Final/drools-mvel-7.52.0.Final.jar:/Users/sebastienmichaud/.m2/repository/org/kie/soup/kie-soup-project-datamodel-commons/7.52.0.Final/kie-soup-project-datamodel-commons-7.52.0.Final.jar:/Users/sebastienmichaud/.m2/repository/org/drools/drools-canonical-model/7.52.0.Final/drools-canonical-model-7.52.0.Final.jar:/Users/sebastienmichaud/.m2/repository/org/drools/drools-model-compiler/7.52.0.Final/drools-model-compiler-7.52.0.Final.jar:/Users/sebastienmichaud/.m2/repository/org/drools/drools-mvel-compiler/7.52.0.Final/drools-mvel-compiler-7.52.0.Final.jar:/Users/sebastienmichaud/.m2/repository/org/apache/commons/commons-lang3/3.9/commons-lang3-3.9.jar:/Users/sebastienmichaud/.m2/repository/org/apache/commons/commons-math3/3.4.1/commons-math3-3.4.1.jar:/Users/sebastienmichaud/.m2/repository/org/reflections/reflections/0.9.11/reflections-0.9.11.jar:/Users/sebastienmichaud/.m2/repository/com/google/guava/guava/20.0/guava-20.0.jar:/Users/sebastienmichaud/.m2/repository/org/javassist/javassist/3.21.0-GA/javassist-3.21.0-GA.jar:/Users/sebastienmichaud/.m2/repository/org/optaplanner/optaplanner-persistence-jaxb/7.52.0.Final/optaplanner-persistence-jaxb-7.52.0.Final.jar:/Users/sebastienmichaud/.m2/repository/org/optaplanner/optaplanner-persistence-common/7.52.0.Final/optaplanner-persistence-common-7.52.0.Final.jar:/Users/sebastienmichaud/.m2/repository/org/jboss/spec/javax/xml/bind/jboss-jaxb-api_2.3_spec/1.0.1.Final/jboss-jaxb-api_2.3_spec-1.0.1.Final.jar:/Users/sebastienmichaud/.m2/repository/junit/junit/4.13.1/junit-4.13.1.jar:/Users/sebastienmichaud/.m2/repository/org/hamcrest/hamcrest-core/1.3/hamcrest-core-1.3.jar:/Users/sebastienmichaud/.m2/repository/com/thoughtworks/xstream/xstream/1.4.16/xstream-1.4.16.jar:/Users/sebastienmichaud/.m2/repository/io/github/x-stream/mxparser/1.2.1/mxparser-1.2.1.jar:/Users/sebastienmichaud/.m2/repository/xmlpull/xmlpull/1.1.3.1/xmlpull-1.1.3.1.jar:/Users/sebastienmichaud/.m2/repository/org/drools/drools-scenario-simulation-api/7.52.0.Final/drools-scenario-simulation-api-7.52.0.Final.jar:/Users/sebastienmichaud/.m2/repository/org/kie/soup/kie-soup-project-datamodel-api/7.52.0.Final/kie-soup-project-datamodel-api-7.52.0.Final.jar:/Users/sebastienmichaud/.m2/repository/org/drools/drools-scenario-simulation-backend/7.52.0.Final/drools-scenario-simulation-backend-7.52.0.Final.jar:/Users/sebastienmichaud/.m2/repository/com/fasterxml/jackson/core/jackson-databind/2.10.5.1/jackson-databind-2.10.5.1.jar:/Users/sebastienmichaud/.m2/repository/com/fasterxml/jackson/core/jackson-annotations/2.10.5/jackson-annotations-2.10.5.jar:/Users/sebastienmichaud/.m2/repository/com/fasterxml/jackson/core/jackson-core/2.10.5/jackson-core-2.10.5.jar:/Users/sebastienmichaud/.m2/repository/org/kie/soup/kie-soup-commons/7.52.0.Final/kie-soup-commons-7.52.0.Final.jar:/Users/sebastienmichaud/.m2/repository/org/mvel/mvel2/2.4.12.Final/mvel2-2.4.12.Final.jar:/Users/sebastienmichaud/.m2/repository/org/drools/drools-compiler/7.52.0.Final/drools-compiler-7.52.0.Final.jar:/Users/sebastienmichaud/.m2/repository/org/drools/drools-core-reflective/7.52.0.Final/drools-core-reflective-7.52.0.Final.jar:/Users/sebastienmichaud/.m2/repository/org/kie/kie-memory-compiler/7.52.0.Final/kie-memory-compiler-7.52.0.Final.jar:/Users/sebastienmichaud/.m2/repository/org/drools/drools-ecj/7.52.0.Final/drools-ecj-7.52.0.Final.jar:/Users/sebastienmichaud/.m2/repository/org/antlr/antlr-runtime/3.5.2/antlr-runtime-3.5.2.jar:/Users/sebastienmichaud/.m2/repository/org/drools/drools-workbench-models-guided-dtable/7.52.0.Final/drools-workbench-models-guided-dtable-7.52.0.Final.jar:/Users/sebastienmichaud/.m2/repository/org/drools/drools-workbench-models-datamodel-api/7.52.0.Final/drools-workbench-models-datamodel-api-7.52.0.Final.jar:/Users/sebastienmichaud/.m2/repository/org/drools/drools-workbench-models-commons/7.52.0.Final/drools-workbench-models-commons-7.52.0.Final.jar:/Users/sebastienmichaud/.m2/repository/org/kie/kie-dmn-feel/7.52.0.Final/kie-dmn-feel-7.52.0.Final.jar:/Users/sebastienmichaud/.m2/repository/org/kie/kie-dmn-model/7.52.0.Final/kie-dmn-model-7.52.0.Final.jar:/Users/sebastienmichaud/.m2/repository/org/antlr/antlr4-runtime/4.8/antlr4-runtime-4.8.jar:/Users/sebastienmichaud/.m2/repository/com/github/javaparser/javaparser-core/3.13.10/javaparser-core-3.13.10.jar:/Users/sebastienmichaud/.m2/repository/org/drools/drools-mvel-parser/7.52.0.Final/drools-mvel-parser-7.52.0.Final.jar:/Users/sebastienmichaud/.m2/repository/ch/obermuhlner/big-math/2.0.1/big-math-2.0.1.jar:/Users/sebastienmichaud/.m2/repository/org/kie/kie-dmn-api/7.52.0.Final/kie-dmn-api-7.52.0.Final.jar:/Users/sebastienmichaud/.m2/repository/org/kie/kie-dmn-core/7.52.0.Final/kie-dmn-core-7.52.0.Final.jar:/Users/sebastienmichaud/.m2/repository/org/kie/kie-dmn-backend/7.52.0.Final/kie-dmn-backend-7.52.0.Final.jar:/Users/sebastienmichaud/.m2/repository/org/drools/drools-ruleunit/7.52.0.Final/drools-ruleunit-7.52.0.Final.jar:/Users/sebastienmichaud/.m2/repository/org/drools/drools-alphanetwork-compiler/7.52.0.Final/drools-alphanetwork-compiler-7.52.0.Final.jar:/Users/sebastienmichaud/.m2/repository/org/jpmml/pmml-model/1.5.1/pmml-model-1.5.1.jar:/Users/sebastienmichaud/.m2/repository/org/jpmml/pmml-agent/1.5.1/pmml-agent-1.5.1.jar:"/>
    <property name="sun.cpu.endian" value="little"/>
    <property name="user.home" value="/Users/sebastienmichaud"/>
    <property name="user.language" value="en"/>
    <property name="java.specification.vendor" value="Oracle Corporation"/>
    <property name="java.version.date" value="2022-09-20"/>
    <property name="java.home" value="/opt/homebrew/Cellar/openjdk/19/libexec/openjdk.jdk/Contents/Home"/>
    <property name="file.separator" value="/"/>
    <property name="basedir" value="/Users/sebastienmichaud/Downloads/space_traffic-violation(1)"/>
    <property name="java.vm.compressedOopsMode" value="Zero based"/>
    <property name="line.separator" value="&#10;"/>
    <property name="java.vm.specification.vendor" value="Oracle Corporation"/>
    <property name="java.specification.name" value="Java Platform API Specification"/>
    <property name="apple.awt.application.name" value="ForkedBooter"/>
    <property name="surefire.real.class.path" value="/Users/sebastienmichaud/Downloads/space_traffic-violation(1)/target/surefire/surefirebooter-20230120140918417_3.jar"/>
    <property name="sun.management.compiler" value="HotSpot 64-Bit Tiered Compilers"/>
    <property name="ftp.nonProxyHosts" value="local|*.local|169.254/16|*.169.254/16"/>
    <property name="java.runtime.version" value="19"/>
    <property name="user.name" value="sebastienmichaud"/>
    <property name="stdout.encoding" value="UTF-8"/>
    <property name="path.separator" value=":"/>
    <property name="os.version" value="13.0"/>
    <property name="java.runtime.name" value="OpenJDK Runtime Environment"/>
    <property name="file.encoding" value="UTF-8"/>
    <property name="java.vm.name" value="OpenJDK 64-Bit Server VM"/>
    <property name="java.vendor.version" value="Homebrew"/>
    <property name="localRepository" value="/Users/sebastienmichaud/.m2/repository"/>
    <property name="java.vendor.url.bug" value="https://github.com/Homebrew/homebrew-core/issues"/>
    <property name="java.io.tmpdir" value="/var/folders/r6/y0hsl84d1ll677ldvcgzb1pc0000gn/T/"/>
    <property name="java.version" value="19"/>
    <property name="user.dir" value="/Users/sebastienmichaud/Downloads/space_traffic-violation(1)"/>
    <property name="os.arch" value="aarch64"/>
    <property name="java.vm.specification.name" value="Java Virtual Machine Specification"/>
    <property name="native.encoding" value="UTF-8"/>
    <property name="java.library.path" value="/Users/sebastienmichaud/Library/Java/Extensions:/Library/Java/Extensions:/Network/Library/Java/Extensions:/System/Library/Java/Extensions:/usr/lib/java:."/>
    <property name="java.vm.info" value="mixed mode, sharing"/>
    <property name="stderr.encoding" value="UTF-8"/>
    <property name="java.vendor" value="Homebrew"/>
    <property name="java.vm.version" value="19"/>
    <property name="sun.io.unicode.encoding" value="UnicodeBig"/>
    <property name="socksNonProxyHosts" value="local|*.local|169.254/16|*.169.254/16"/>
    <property name="java.class.version" value="63.0"/>
  </properties>
  <testcase name="#1: Above speed limit: 10km/h and 30 km/h" classname="Violation Scenarios" time="0.273">
    <system-err><![CDATA[SLF4J: Failed to load class "org.slf4j.impl.StaticLoggerBinder".
SLF4J: Defaulting to no-operation (NOP) logger implementation
SLF4J: See http://www.slf4j.org/codes.html#StaticLoggerBinder for further details.
]]></system-err>
  </testcase>
  <testcase name="#2: Above speed limit: more than 30 km/h" classname="Violation Scenarios" time="0.003"/>
  <testcase name="#3: Parking violation" classname="Violation Scenarios" time="0.002"/>
  <testcase name="#4: DUI violation" classname="Violation Scenarios" time="0.003"/>
  <testcase name="#5: Driver suspended" classname="Violation Scenarios" time="0.002"/>
</testsuite>